c:\users\hjeon\source\repos\project1\project1\debug\vc142.pdb
c:\users\hjeon\source\repos\project1\project1\debug\vc142.idb
c:\users\hjeon\source\repos\project1\project1\debug\source1.obj
c:\users\hjeon\source\repos\project1\project1\debug\source.obj
c:\users\hjeon\source\repos\project1\project1\debug\source2.obj
c:\users\hjeon\source\repos\project1\project1\debug\124나라.obj
c:\users\hjeon\source\repos\project1\project1\debug\튜플.obj
c:\users\hjeon\source\repos\project1\project1\debug\bannedcount.obj
c:\users\hjeon\source\repos\project1\project1\debug\bfs.obj
c:\users\hjeon\source\repos\project1\project1\debug\src1.obj
c:\users\hjeon\source\repos\project1\project1\debug\src2.obj
c:\users\hjeon\source\repos\project1\project1\debug\src3.obj
c:\users\hjeon\source\repos\project1\project1\debug\2 multiset.obj
c:\users\hjeon\source\repos\project1\project1\debug\완주하지 못한 선수.obj
c:\users\hjeon\source\repos\project1\project1\debug\전화번호 목록.obj
c:\users\hjeon\source\repos\project1\project1\debug\k번째수.obj
c:\users\hjeon\source\repos\project1\project1\debug\가장 큰 수(★★★).obj
c:\users\hjeon\source\repos\project1\project1\debug\dfs.obj
c:\users\hjeon\source\repos\project1\project1\debug\가장 큰 수(다른 사람 풀이).obj
c:\users\hjeon\source\repos\project1\project1\debug\set container.obj
c:\users\hjeon\source\repos\project1\project1\debug\가장 큰 수.obj
c:\users\hjeon\source\repos\project1\project1\debug\bfs.obj.enc
c:\users\hjeon\source\repos\project1\project1\debug\dfs.obj.enc
c:\users\hjeon\source\repos\project1\project1\debug\src2.obj.enc
c:\users\hjeon\source\repos\project1\debug\project1.pdb
c:\users\hjeon\source\repos\project1\project1\debug\project1.tlog\cl.command.1.tlog
c:\users\hjeon\source\repos\project1\project1\debug\project1.tlog\cl.read.1.tlog
c:\users\hjeon\source\repos\project1\project1\debug\project1.tlog\cl.write.1.tlog
c:\users\hjeon\source\repos\project1\project1\debug\project1.tlog\link.23492-cvtres.read.1.tlog
c:\users\hjeon\source\repos\project1\project1\debug\project1.tlog\link.23492-cvtres.write.1.tlog
c:\users\hjeon\source\repos\project1\project1\debug\project1.tlog\link.23492-rc.read.1.tlog
c:\users\hjeon\source\repos\project1\project1\debug\project1.tlog\link.23492-rc.write.1.tlog
c:\users\hjeon\source\repos\project1\project1\debug\project1.tlog\link.23492.read.1.tlog
c:\users\hjeon\source\repos\project1\project1\debug\project1.tlog\link.23492.write.1.tlog
c:\users\hjeon\source\repos\project1\project1\debug\project1.tlog\link.command.1.tlog
c:\users\hjeon\source\repos\project1\project1\debug\project1.tlog\link.read.1.tlog
c:\users\hjeon\source\repos\project1\project1\debug\project1.tlog\link.write.1.tlog
